24:04:40 AM: DEBUG [conexion.py:27] Creación de pool exitosa: <psycopg2.pool.SimpleConnectionPool object at 0x0000023D0C144440>
24:04:40 AM: DEBUG [conexion.py:38] Conexion obtenido del pool: <connection object at 0x0000023D0A41C260; dsn: 'user=postgres password=xxx dbname=test_db host=127.0.0.1 port=5432', closed: 0>
24:11:06 AM: DEBUG [cursor_pool.py:11] Inicio del metodo with __enter__
24:11:06 AM: DEBUG [conexion.py:27] Creación de pool exitosa: <psycopg2.pool.SimpleConnectionPool object at 0x00000126829E0590>
24:11:06 AM: DEBUG [conexion.py:38] Conexion obtenido del pool: <connection object at 0x0000012680C9C260; dsn: 'user=postgres password=xxx dbname=test_db host=127.0.0.1 port=5432', closed: 0>
24:11:06 AM: DEBUG [cursor_pool.py:29] Dentro del bloque with
24:11:06 AM: DEBUG [cursor_pool.py:31] [(1, 'isaarcapis', 'black987')]
24:11:06 AM: DEBUG [cursor_pool.py:17] Se ejecuta metodo __exit__
24:11:06 AM: DEBUG [cursor_pool.py:23] Commit de la transaccion
24:11:06 AM: DEBUG [conexion.py:44] Regresamos la conexion al pool: <connection object at 0x0000012680C9C260; dsn: 'user=postgres password=xxx dbname=test_db host=127.0.0.1 port=5432', closed: 0>
24:29:51 PM: DEBUG [cursor_pool.py:11] Inicio del metodo with __enter__
24:29:51 PM: DEBUG [conexion.py:27] Creación de pool exitosa: <psycopg2.pool.SimpleConnectionPool object at 0x000001B782220590>
24:29:51 PM: DEBUG [conexion.py:38] Conexion obtenido del pool: <connection object at 0x000001B78055C260; dsn: 'user=postgres password=xxx dbname=test_db host=127.0.0.1 port=5432', closed: 0>
24:29:51 PM: DEBUG [cursor_pool.py:29] Dentro del bloque with
24:29:51 PM: DEBUG [cursor_pool.py:31] [(1, 'isaarcapis', 'black987')]
24:29:51 PM: DEBUG [cursor_pool.py:17] Se ejecuta metodo __exit__
24:29:51 PM: DEBUG [cursor_pool.py:23] Commit de la transaccion
24:29:51 PM: DEBUG [conexion.py:44] Regresamos la conexion al pool: <connection object at 0x000001B78055C260; dsn: 'user=postgres password=xxx dbname=test_db host=127.0.0.1 port=5432', closed: 0>
24:30:36 PM: DEBUG [conexion.py:27] Creación de pool exitosa: <psycopg2.pool.SimpleConnectionPool object at 0x000002CBDDC60440>
24:30:36 PM: DEBUG [conexion.py:38] Conexion obtenido del pool: <connection object at 0x000002CBDBEDC260; dsn: 'user=postgres password=xxx dbname=test_db host=127.0.0.1 port=5432', closed: 0>
24:33:52 PM: DEBUG [cursor_pool.py:11] Inicio del metodo with __enter__
24:33:52 PM: DEBUG [conexion.py:27] Creación de pool exitosa: <psycopg2.pool.SimpleConnectionPool object at 0x000002674997C590>
24:33:52 PM: DEBUG [conexion.py:38] Conexion obtenido del pool: <connection object at 0x0000026747C3C260; dsn: 'user=postgres password=xxx dbname=test_db host=127.0.0.1 port=5432', closed: 0>
24:33:52 PM: DEBUG [cursor_pool.py:17] Se ejecuta metodo __exit__
24:33:52 PM: DEBUG [cursor_pool.py:23] Commit de la transaccion
24:33:52 PM: DEBUG [conexion.py:44] Regresamos la conexion al pool: <connection object at 0x0000026747C3C260; dsn: 'user=postgres password=xxx dbname=test_db host=127.0.0.1 port=5432', closed: 0>
24:33:52 PM: INFO [menu_usuario.py:18] Usuario: 1 isaarcapis black987
24:35:27 PM: INFO [menu_usuario.py:18] Usuario: 1 isaarcapis black987
24:35:43 PM: INFO [usuario_dao.py:29] Usuario a insertar: Usuario: None judithgz pink123
24:35:43 PM: INFO [usuario_dao.py:32] Se ingreso usuario: Usuario: None judithgz pink123
24:35:43 PM: INFO [menu_usuario.py:25] Usuario ingresado: 1
24:37:12 PM: INFO [menu_usuario.py:18] Usuario: 1 isaarcapis black987
24:37:12 PM: INFO [menu_usuario.py:18] Usuario: 2 judithgz judithgz
24:38:30 PM: INFO [usuario_dao.py:39] Usuario a actualizar: Usuario: 2 judithngz pink12222
24:38:30 PM: INFO [usuario_dao.py:42] Se actualizo el usuario: Usuario: 2 judithngz pink12222
24:38:30 PM: INFO [menu_usuario.py:33] Usuario actualizado: Usuario: 2 judithngz pink12222
24:38:44 PM: INFO [menu_usuario.py:18] Usuario: 1 isaarcapis black987
24:38:44 PM: INFO [menu_usuario.py:18] Usuario: 2 judithngz judithngz
24:39:50 PM: INFO [menu_usuario.py:18] Usuario: 1 isaarcapis black987
24:39:50 PM: INFO [menu_usuario.py:18] Usuario: 2 judithngz judithngz
24:41:23 PM: INFO [menu_usuario.py:18] Usuario: 1 isaarcapis black987
24:41:23 PM: INFO [menu_usuario.py:18] Usuario: 2 judithngz judithngz
24:41:28 PM: INFO [usuario_dao.py:48] Usuario a eliminar: Usuario: 2 None None
24:41:28 PM: INFO [usuario_dao.py:51] Usuario eliminado_ Usuario: 2 None None
24:43:23 PM: INFO [menu_usuario.py:18] Usuario: 1 isaarcapis black987
24:43:35 PM: INFO [usuario_dao.py:29] Usuario a insertar: Usuario: None judithgz pink
24:43:35 PM: INFO [usuario_dao.py:32] Se ingreso usuario: Usuario: None judithgz pink
24:43:35 PM: INFO [menu_usuario.py:25] Usuario ingresado: 1
24:44:38 PM: INFO [menu_usuario.py:18] Usuario: 1 isaarcapis black987
24:44:38 PM: INFO [menu_usuario.py:18] Usuario: 3 judithgz judithgz
24:44:56 PM: INFO [usuario_dao.py:39] Usuario a actualizar: Usuario: 3 judithnnn pinkkkk
24:44:56 PM: INFO [usuario_dao.py:42] Se actualizo el usuario: Usuario: 3 judithnnn pinkkkk
24:44:56 PM: INFO [menu_usuario.py:33] Usuario actualizado: Usuario: 3 judithnnn pinkkkk
24:45:00 PM: INFO [menu_usuario.py:18] Usuario: 1 isaarcapis black987
24:45:00 PM: INFO [menu_usuario.py:18] Usuario: 3 judithnnn judithnnn
24:45:20 PM: INFO [usuario_dao.py:39] Usuario a actualizar: Usuario: 1 isaarc black1
24:45:20 PM: INFO [usuario_dao.py:42] Se actualizo el usuario: Usuario: 1 isaarc black1
24:45:20 PM: INFO [menu_usuario.py:33] Usuario actualizado: Usuario: 1 isaarc black1
24:45:22 PM: INFO [menu_usuario.py:18] Usuario: 1 isaarc isaarc
24:45:22 PM: INFO [menu_usuario.py:18] Usuario: 3 judithnnn judithnnn
24:48:18 PM: INFO [menu_usuario.py:18] Usuario: 1 isaarc isaarc
24:48:18 PM: INFO [menu_usuario.py:18] Usuario: 3 judithnnn judithnnn
24:48:33 PM: INFO [usuario_dao.py:29] Usuario a insertar: Usuario: None judithgnz pink123
24:48:33 PM: INFO [usuario_dao.py:32] Se ingreso usuario: Usuario: None judithgnz pink123
24:48:33 PM: INFO [menu_usuario.py:25] Usuario ingresado: 1
24:48:38 PM: INFO [menu_usuario.py:18] Usuario: 1 isaarc isaarc
24:48:38 PM: INFO [menu_usuario.py:18] Usuario: 3 judithnnn judithnnn
24:48:38 PM: INFO [menu_usuario.py:18] Usuario: 4 judithgnz pink123
24:48:45 PM: INFO [usuario_dao.py:48] Usuario a eliminar: Usuario: 1 None None
24:48:45 PM: INFO [usuario_dao.py:51] Usuario eliminado_ Usuario: 1 None None
24:48:45 PM: INFO [menu_usuario.py:39] Usuario eliminado: 1
24:48:51 PM: INFO [usuario_dao.py:48] Usuario a eliminar: Usuario: 3 None None
24:48:51 PM: INFO [usuario_dao.py:51] Usuario eliminado_ Usuario: 3 None None
24:48:51 PM: INFO [menu_usuario.py:39] Usuario eliminado: 1
24:48:54 PM: INFO [menu_usuario.py:18] Usuario: 4 judithgnz pink123
24:49:03 PM: INFO [usuario_dao.py:29] Usuario a insertar: Usuario: None isaarcapis black1
24:49:03 PM: INFO [usuario_dao.py:32] Se ingreso usuario: Usuario: None isaarcapis black1
24:49:03 PM: INFO [menu_usuario.py:25] Usuario ingresado: 1
24:49:07 PM: INFO [menu_usuario.py:18] Usuario: 4 judithgnz pink123
24:49:07 PM: INFO [menu_usuario.py:18] Usuario: 5 isaarcapis black1
24:49:24 PM: INFO [usuario_dao.py:39] Usuario a actualizar: Usuario: 4 judithgzzz pink1234
24:49:24 PM: INFO [usuario_dao.py:42] Se actualizo el usuario: Usuario: 4 judithgzzz pink1234
24:49:24 PM: INFO [menu_usuario.py:33] Usuario actualizado: Usuario: 4 judithgzzz pink1234
24:49:26 PM: INFO [menu_usuario.py:18] Usuario: 4 judithgzzz pink1234
24:49:26 PM: INFO [menu_usuario.py:18] Usuario: 5 isaarcapis black1
25:05:14 PM: INFO [menu_usuario.py:18] Usuario: 4 judithgzzz pink1234
25:05:14 PM: INFO [menu_usuario.py:18] Usuario: 5 isaarcapis black1
25:05:29 PM: INFO [usuario_dao.py:29] Usuario a insertar: Usuario: None manuelagz unodos
25:05:29 PM: INFO [usuario_dao.py:32] Se ingreso usuario: Usuario: None manuelagz unodos
25:05:29 PM: INFO [menu_usuario.py:25] Usuario ingresado: 1
25:05:33 PM: INFO [menu_usuario.py:18] Usuario: 4 judithgzzz pink1234
25:05:33 PM: INFO [menu_usuario.py:18] Usuario: 5 isaarcapis black1
25:05:33 PM: INFO [menu_usuario.py:18] Usuario: 6 manuelagz unodos
25:05:53 PM: INFO [usuario_dao.py:39] Usuario a actualizar: Usuario: 6 manigz aeiou
25:05:53 PM: INFO [usuario_dao.py:42] Se actualizo el usuario: Usuario: 6 manigz aeiou
25:05:53 PM: INFO [menu_usuario.py:33] Usuario actualizado: Usuario: 6 manigz aeiou
25:06:49 PM: INFO [menu_usuario.py:18] Usuario: 4 judithgzzz pink1234
25:06:49 PM: INFO [menu_usuario.py:18] Usuario: 5 isaarcapis black1
25:06:49 PM: INFO [menu_usuario.py:18] Usuario: 6 manigz aeiou
25:07:03 PM: INFO [menu_usuario.py:18] Usuario: 4 judithgzzz pink1234
25:07:03 PM: INFO [menu_usuario.py:18] Usuario: 5 isaarcapis black1
25:07:04 PM: INFO [menu_usuario.py:18] Usuario: 6 manigz aeiou
25:07:16 PM: INFO [usuario_dao.py:47] Usuario a eliminar: Usuario: 6 None None
25:07:16 PM: INFO [usuario_dao.py:50] Usuario eliminado_ Usuario: 6 None None
25:07:16 PM: INFO [menu_usuario.py:39] Usuario eliminado: 1
25:07:18 PM: INFO [menu_usuario.py:18] Usuario: 4 judithgzzz pink1234
25:07:18 PM: INFO [menu_usuario.py:18] Usuario: 5 isaarcapis black1
28:30:08 PM: INFO [menu_usuario.py:18] Usuario: 4 judithgzzz pink1234
28:30:08 PM: INFO [menu_usuario.py:18] Usuario: 5 isaarcapis black1
28:38:24 PM: INFO [usuario_dao.py:29] Usuario a insertar: Usuario: None manuela holis
28:38:24 PM: INFO [usuario_dao.py:32] Se ingreso usuario: Usuario: None manuela holis
28:38:24 PM: INFO [menu_usuario.py:25] Usuario ingresado: 1
28:38:33 PM: INFO [menu_usuario.py:18] Usuario: 4 judithgzzz pink1234
28:38:33 PM: INFO [menu_usuario.py:18] Usuario: 5 isaarcapis black1
28:38:33 PM: INFO [menu_usuario.py:18] Usuario: 7 manuela holis
